Getting asia region...
Getting europe region...
Getting atlantic region...
Getting america region...
Getting https://www.lyngsat.com/NSS-9.html ... (1 of 71)
[WARN] Exception occured HTTPError('525 Server Error: <none> for url: https://www.lyngsat.com/NSS-9.html'), will retry https://www.lyngsat.com/NSS-9.html later...
Getting https://www.lyngsat.com/Intelsat-18.html ... (2 of 71)
[WARN] Exception occured HTTPError('522 Server Error: <none> for url: https://www.lyngsat.com/Intelsat-18.html'), will retry https://www.lyngsat.com/Intelsat-18.html later...
Getting https://www.lyngsat.com/Eutelsat-172B.html ... (3 of 71)
Satellites(name=Eutelsat 172B, position=1720, bands=C Ku, transponders=10, feeds=2)
Satellite(name=172.0E Ku-band Eutelsat 172B, position=1720, transponders=6, feeds=0, duplicates=0)
Satellite(name=172.0E C-band Eutelsat 172B, position=1721, transponders=4, feeds=0, duplicates=0)
Getting https://www.lyngsat.com/Horizons-3e.html ... (4 of 71)
[WARN] Exception occured HTTPError('522 Server Error: <none> for url: https://www.lyngsat.com/Horizons-3e.html'), will retry https://www.lyngsat.com/Horizons-3e.html later...
Getting https://www.lyngsat.com/ChinaSat-3B.html ... (5 of 71)
[WARN] Exception occured HTTPError('525 Server Error: <none> for url: https://www.lyngsat.com/ChinaSat-3B.html'), will retry https://www.lyngsat.com/ChinaSat-3B.html later...
Getting https://www.lyngsat.com/Intelsat-19.html ... (6 of 71)
[WARN] Exception occured HTTPError('522 Server Error: <none> for url: https://www.lyngsat.com/Intelsat-19.html'), will retry https://www.lyngsat.com/Intelsat-19.html later...
Getting https://www.lyngsat.com/ChinaSat-19.html ... (7 of 71)
[WARN] Exception occured HTTPError('522 Server Error: <none> for url: https://www.lyngsat.com/ChinaSat-19.html'), will retry https://www.lyngsat.com/ChinaSat-19.html later...
Getting https://www.lyngsat.com/Superbird-B3.html ... (8 of 71)
[WARN] Exception occured HTTPError('522 Server Error: <none> for url: https://www.lyngsat.com/Superbird-B3.html'), will retry https://www.lyngsat.com/Superbird-B3.html later...
Getting https://www.lyngsat.com/Measat-3a-and-Koreasat-6.html ... (9 of 71)
Satellites(name=Measat 3a & Koreasat 6, position=1600, bands=Ku, transponders=19, feeds=0)
Satellite(name=160.0E Measat 3a & Koreasat 6, position=1600, transponders=19, feeds=0, duplicates=0)
Getting https://www.lyngsat.com/ABS-6.html ... (10 of 71)
[WARN] Exception occured HTTPError('522 Server Error: <none> for url: https://www.lyngsat.com/ABS-6.html'), will retry https://www.lyngsat.com/ABS-6.html later...
Getting https://www.lyngsat.com/Optus-D3-10.html ... (11 of 71)
[WARN] Exception occured HTTPError('522 Server Error: <none> for url: https://www.lyngsat.com/Optus-D3-10.html'), will retry https://www.lyngsat.com/Optus-D3-10.html later...
Getting https://www.lyngsat.com/JCSAT-2B.html ... (12 of 71)
Satellites(name=JCSAT 2B, position=1540, bands=Ku, transponders=2, feeds=3)
Satellite(name=154.0E JCSAT 2B, position=1540, transponders=2, feeds=0, duplicates=0)
Getting https://www.lyngsat.com/Optus-D1.html ... (13 of 71)
[WARN] Exception occured HTTPError('522 Server Error: <none> for url: https://www.lyngsat.com/Optus-D1.html'), will retry https://www.lyngsat.com/Optus-D1.html later...
Getting https://www.lyngsat.com/BRIsat.html ... (14 of 71)
[WARN] Exception occured HTTPError('525 Server Error: <none> for url: https://www.lyngsat.com/BRIsat.html'), will retry https://www.lyngsat.com/BRIsat.html later...
Getting https://www.lyngsat.com/JCSAT-1C.html ... (15 of 71)
Satellites(name=JCSAT 1C, position=1500, bands=, transponders=0, feeds=0)
Getting https://www.lyngsat.com/Nusantara-Satu.html ... (16 of 71)
Satellites(name=Nusantara Satu, position=1460, bands=C, transponders=2, feeds=0)
Satellite(name=146.0E C-band Nusantara Satu, position=1461, transponders=2, feeds=0, duplicates=0)
Getting https://www.lyngsat.com/Express-AMU7.html ... (17 of 71)
[WARN] Exception occured HTTPError('522 Server Error: <none> for url: https://www.lyngsat.com/Express-AMU7.html'), will retry https://www.lyngsat.com/Express-AMU7.html later...
Getting https://www.lyngsat.com/JCSAT-144C.html ... (18 of 71)
[WARN] Exception occured HTTPError('522 Server Error: <none> for url: https://www.lyngsat.com/JCSAT-144C.html'), will retry https://www.lyngsat.com/JCSAT-144C.html later...
Getting https://www.lyngsat.com/Apstar-9.html ... (19 of 71)
[WARN] Exception occured HTTPError('522 Server Error: <none> for url: https://www.lyngsat.com/Apstar-9.html'), will retry https://www.lyngsat.com/Apstar-9.html later...
Getting https://www.lyngsat.com/Express-AM5.html ... (20 of 71)
Satellites(name=Express AM5, position=1400, bands=Ku, transponders=8, feeds=1)
Satellite(name=140.0E Express AM5, position=1400, transponders=8, feeds=0, duplicates=0)
Getting https://www.lyngsat.com/Telstar-18-Vantage.html ... (21 of 71)
Satellites(name=Telstar 18 Vantage, position=1380, bands=C Ku, transponders=22, feeds=5)
Satellite(name=138.0E Ku-band Telstar 18 Vantage, position=1380, transponders=7, feeds=0, duplicates=0)
Satellite(name=138.0E C-band Telstar 18 Vantage, position=1381, transponders=15, feeds=0, duplicates=0)
Getting https://www.lyngsat.com/Apstar-6D.html ... (22 of 71)
Satellites(name=Apstar 6D, position=1340, bands=, transponders=0, feeds=0)
Getting https://www.lyngsat.com/Apstar-6C.html ... (23 of 71)
Satellites(name=Apstar 6C, position=1340, bands=C Ku, transponders=11, feeds=1)
Satellite(name=134.0E Ku-band Apstar 6C, position=1340, transponders=6, feeds=0, duplicates=0)
Satellite(name=134.0E C-band Apstar 6C, position=1341, transponders=5, feeds=0, duplicates=0)
Getting https://www.lyngsat.com/Apstar-6E.html ... (24 of 71)
[WARN] Exception occured HTTPError('525 Server Error: <none> for url: https://www.lyngsat.com/Apstar-6E.html'), will retry https://www.lyngsat.com/Apstar-6E.html later...
Getting https://www.lyngsat.com/JCSAT-5B.html ... (25 of 71)
Satellites(name=JCSAT 5B, position=1320, bands=, transponders=0, feeds=0)
Getting https://www.lyngsat.com/Vinasat-1-2.html ... (26 of 71)
[WARN] Exception occured HTTPError('522 Server Error: <none> for url: https://www.lyngsat.com/Vinasat-1-2.html'), will retry https://www.lyngsat.com/Vinasat-1-2.html later...
Getting https://www.lyngsat.com/ChinaSat-6C.html ... (27 of 71)
Satellites(name=ChinaSat 6C, position=1305, bands=C, transponders=1, feeds=1)
Satellite(name=130.5E C-band ChinaSat 6C, position=1306, transponders=1, feeds=0, duplicates=0)
Getting https://www.lyngsat.com/ChinaSat-2D.html ... (28 of 71)
Satellites(name=ChinaSat 2D, position=1300, bands=, transponders=0, feeds=0)
Getting https://www.lyngsat.com/LaoSat-1.html ... (29 of 71)
Satellites(name=LaoSat 1, position=1285, bands=C Ku, transponders=20, feeds=4)
Satellite(name=128.5E Ku-band LaoSat 1, position=1285, transponders=7, feeds=0, duplicates=0)
Satellite(name=128.5E C-band LaoSat 1, position=1286, transponders=13, feeds=0, duplicates=0)
Getting https://www.lyngsat.com/JCSAT-3A.html ... (30 of 71)
[WARN] Exception occured HTTPError('522 Server Error: <none> for url: https://www.lyngsat.com/JCSAT-3A.html'), will retry https://www.lyngsat.com/JCSAT-3A.html later...
Getting https://www.lyngsat.com/Cosmos-2526.html ... (31 of 71)
[WARN] Exception occured HTTPError('522 Server Error: <none> for url: https://www.lyngsat.com/Cosmos-2526.html'), will retry https://www.lyngsat.com/Cosmos-2526.html later...
Getting https://www.lyngsat.com/ChinaSat-6D.html ... (32 of 71)
[WARN] Exception occured HTTPError('522 Server Error: <none> for url: https://www.lyngsat.com/ChinaSat-6D.html'), will retry https://www.lyngsat.com/ChinaSat-6D.html later...
Getting https://www.lyngsat.com/JCSAT-4B.html ... (33 of 71)
Satellites(name=JCSAT 4B, position=1240, bands=Ku, transponders=13, feeds=0)
Satellite(name=124.0E JCSAT 4B, position=1240, transponders=13, feeds=0, duplicates=0)
Getting https://www.lyngsat.com/AsiaSat-9.html ... (34 of 71)
[WARN] Exception occured HTTPError('522 Server Error: <none> for url: https://www.lyngsat.com/AsiaSat-9.html'), will retry https://www.lyngsat.com/AsiaSat-9.html later...
Getting https://www.lyngsat.com/AsiaSat-6-Thaicom-7.html ... (35 of 71)
Satellites(name=AsiaSat 6/Thaicom 7, position=1200, bands=C, transponders=9, feeds=0)
Satellite(name=120.0E C-band AsiaSat 6/Thaicom 7, position=1201, transponders=9, feeds=0, duplicates=0)
Getting https://www.lyngsat.com/Thaicom-4-and-Bangladesh-1.html ... (36 of 71)
[WARN] Exception occured HTTPError('522 Server Error: <none> for url: https://www.lyngsat.com/Thaicom-4-and-Bangladesh-1.html'), will retry https://www.lyngsat.com/Thaicom-4-and-Bangladesh-1.html later...
Getting https://www.lyngsat.com/Telkom-3S.html ... (37 of 71)
Satellites(name=Telkom 3S, position=1180, bands=Ku, transponders=2, feeds=0)
Satellite(name=118.0E Telkom 3S, position=1180, transponders=2, feeds=0, duplicates=0)
Getting https://www.lyngsat.com/Koreasat-6A-7.html ... (38 of 71)
Satellites(name=Koreasat 6A/7, position=1160, bands=Ku, transponders=29, feeds=0)
Satellite(name=116.0E Koreasat 6A/7, position=1160, transponders=29, feeds=0, duplicates=0)
Getting https://www.lyngsat.com/ChinaSat-6E.html ... (39 of 71)
Satellites(name=ChinaSat 6E, position=1155, bands=C, transponders=43, feeds=0)
Satellite(name=115.5E C-band ChinaSat 6E, position=1156, transponders=43, feeds=0, duplicates=0)
Getting https://www.lyngsat.com/Koreasat-5A.html ... (40 of 71)
[WARN] Exception occured HTTPError('525 Server Error: <none> for url: https://www.lyngsat.com/Koreasat-5A.html'), will retry https://www.lyngsat.com/Koreasat-5A.html later...
Getting https://www.lyngsat.com/Merah-Putih-2.html ... (41 of 71)
[WARN] Exception occured HTTPError('522 Server Error: <none> for url: https://www.lyngsat.com/Merah-Putih-2.html'), will retry https://www.lyngsat.com/Merah-Putih-2.html later...
Getting https://www.lyngsat.com/ChinaSat-10R.html ... (42 of 71)
[WARN] Exception occured HTTPError('525 Server Error: <none> for url: https://www.lyngsat.com/ChinaSat-10R.html'), will retry https://www.lyngsat.com/ChinaSat-10R.html later...
Getting https://www.lyngsat.com/BSAT-4B.html ... (43 of 71)
Satellites(name=BSAT 4B, position=1100, bands=, transponders=0, feeds=0)
Getting https://www.lyngsat.com/BSAT-3C-JCSAT-110R-and-JCSAT-110A-and-BSAT-4A.html ... (44 of 71)
[WARN] Exception occured HTTPError('522 Server Error: <none> for url: https://www.lyngsat.com/BSAT-3C-JCSAT-110R-and-JCSAT-110A-and-BSAT-4A.html'), will retry https://www.lyngsat.com/BSAT-3C-JCSAT-110R-and-JCSAT-110A-and-BSAT-4A.html later...
Getting https://www.lyngsat.com/SES-7-9-and-Merah-Putih.html ... (45 of 71)
[WARN] Exception occured HTTPError('525 Server Error: <none> for url: https://www.lyngsat.com/SES-7-9-and-Merah-Putih.html'), will retry https://www.lyngsat.com/SES-7-9-and-Merah-Putih.html later...
Getting https://www.lyngsat.com/AsiaSat-7.html ... (46 of 71)
Satellites(name=AsiaSat 7, position=1055, bands=C, transponders=13, feeds=2)
Satellite(name=105.5E C-band AsiaSat 7, position=1056, transponders=13, feeds=0, duplicates=0)
Getting https://www.lyngsat.com/AsiaSat-8.html ... (47 of 71)
[WARN] Exception occured HTTPError('525 Server Error: <none> for url: https://www.lyngsat.com/AsiaSat-8.html'), will retry https://www.lyngsat.com/AsiaSat-8.html later...
Getting https://www.lyngsat.com/Express-AMU3.html ... (48 of 71)
Satellites(name=Express AMU3, position=1030, bands=C Ku, transponders=13, feeds=1)
Satellite(name=103.0E Ku-band Express AMU3, position=1030, transponders=1, feeds=0, duplicates=0)
Satellite(name=103.0E C-band Express AMU3, position=1031, transponders=12, feeds=0, duplicates=0)
Getting https://www.lyngsat.com/ChinaSat-3A.html ... (49 of 71)
[WARN] Exception occured HTTPError('404 Client Error: Not Found for url: https://www.lyngsat.com/ChinaSat-3A.html'), will retry https://www.lyngsat.com/ChinaSat-3A.html later...
Getting https://www.lyngsat.com/ChinaSat-9B.html ... (50 of 71)
Satellites(name=ChinaSat 9B, position=1014, bands=, transponders=0, feeds=4)
Getting https://www.lyngsat.com/AsiaSat-5.html ... (51 of 71)
[WARN] Exception occured HTTPError('525 Server Error: <none> for url: https://www.lyngsat.com/AsiaSat-5.html'), will retry https://www.lyngsat.com/AsiaSat-5.html later...
Getting https://www.lyngsat.com/ChinaSat-11.html ... (52 of 71)
[WARN] Exception occured HTTPError('522 Server Error: <none> for url: https://www.lyngsat.com/ChinaSat-11.html'), will retry https://www.lyngsat.com/ChinaSat-11.html later...
Getting https://www.lyngsat.com/G-Sat-9.html ... (53 of 71)
[WARN] Exception occured HTTPError('522 Server Error: <none> for url: https://www.lyngsat.com/G-Sat-9.html'), will retry https://www.lyngsat.com/G-Sat-9.html later...
Getting https://www.lyngsat.com/Express-103.html ... (54 of 71)
Satellites(name=Express 103, position=965, bands=C, transponders=3, feeds=3)
Satellite(name=96.5E C-band Express 103, position=966, transponders=3, feeds=0, duplicates=0)
Getting https://www.lyngsat.com/SES-8.html ... (55 of 71)
[WARN] Exception occured HTTPError('522 Server Error: <none> for url: https://www.lyngsat.com/SES-8.html'), will retry https://www.lyngsat.com/SES-8.html later...
Getting https://www.lyngsat.com/SES-12.html ... (56 of 71)
Satellites(name=SES 12, position=950, bands=, transponders=0, feeds=0)
Getting https://www.lyngsat.com/G-Sat-15-17.html ... (57 of 71)
Satellites(name=G-Sat 15/17, position=935, bands=C Ku, transponders=60, feeds=22)
Satellite(name=93.5E Ku-band G-Sat 15/17, position=935, transponders=18, feeds=0, duplicates=0)
Satellite(name=93.5E C-band G-Sat 15/17, position=936, transponders=42, feeds=0, duplicates=0)
Getting https://www.lyngsat.com/ChinaSat-9C.html ... (58 of 71)
[WARN] Exception occured HTTPError('522 Server Error: <none> for url: https://www.lyngsat.com/ChinaSat-9C.html'), will retry https://www.lyngsat.com/ChinaSat-9C.html later...
Getting https://www.lyngsat.com/Measat-3b-3d.html ... (59 of 71)
Satellites(name=Measat 3b/3d, position=915, bands=C Ku, transponders=54, feeds=5)
Satellite(name=91.5E Ku-band Measat 3b/3d, position=915, transponders=38, feeds=0, duplicates=0)
Satellite(name=91.5E C-band Measat 3b/3d, position=916, transponders=16, feeds=0, duplicates=0)
Getting https://www.lyngsat.com/Yamal-401.html ... (60 of 71)
[WARN] Exception occured HTTPError('522 Server Error: <none> for url: https://www.lyngsat.com/Yamal-401.html'), will retry https://www.lyngsat.com/Yamal-401.html later...
Getting https://www.lyngsat.com/ST-2.html ... (61 of 71)
Satellites(name=ST 2, position=880, bands=C Ku, transponders=25, feeds=0)
Satellite(name=88.0E Ku-band ST 2, position=880, transponders=22, feeds=0, duplicates=0)
Satellite(name=88.0E C-band ST 2, position=881, transponders=3, feeds=0, duplicates=0)
Getting https://www.lyngsat.com/ChinaSat-12.html ... (62 of 71)
Satellites(name=ChinaSat 12, position=875, bands=C, transponders=1, feeds=0)
Satellite(name=87.5E C-band ChinaSat 12, position=876, transponders=1, feeds=0, duplicates=0)
Getting https://www.lyngsat.com/KazSat-2.html ... (63 of 71)
[WARN] Exception occured HTTPError('525 Server Error: <none> for url: https://www.lyngsat.com/KazSat-2.html'), will retry https://www.lyngsat.com/KazSat-2.html later...
Getting https://www.lyngsat.com/ChinaSat-10.html ... (64 of 71)
Satellites(name=ChinaSat 10, position=855, bands=, transponders=0, feeds=0)
Getting https://www.lyngsat.com/G-Sat-10-24-30.html ... (65 of 71)
Satellites(name=G-Sat 10/24/30, position=830, bands=C Ku, transponders=80, feeds=3)
Satellite(name=83.0E Ku-band G-Sat 10/24/30, position=830, transponders=31, feeds=0, duplicates=0)
Satellite(name=83.0E C-band G-Sat 10/24/30, position=831, transponders=49, feeds=0, duplicates=0)
Getting https://www.lyngsat.com/Express-80.html ... (66 of 71)
[WARN] Exception occured HTTPError('522 Server Error: <none> for url: https://www.lyngsat.com/Express-80.html'), will retry https://www.lyngsat.com/Express-80.html later...
Getting https://www.lyngsat.com/Thaicom-6-8.html ... (67 of 71)
[WARN] Exception occured HTTPError('522 Server Error: <none> for url: https://www.lyngsat.com/Thaicom-6-8.html'), will retry https://www.lyngsat.com/Thaicom-6-8.html later...
Getting https://www.lyngsat.com/Apstar-7.html ... (68 of 71)
[WARN] Exception occured HTTPError('522 Server Error: <none> for url: https://www.lyngsat.com/Apstar-7.html'), will retry https://www.lyngsat.com/Apstar-7.html later...
Getting https://www.lyngsat.com/ABS-2-2A.html ... (69 of 71)
[WARN] Exception occured HTTPError('525 Server Error: <none> for url: https://www.lyngsat.com/ABS-2-2A.html'), will retry https://www.lyngsat.com/ABS-2-2A.html later...
Getting https://www.lyngsat.com/G-Sat-7R.html ... (70 of 71)
Satellites(name=G-Sat 7R, position=740, bands=, transponders=0, feeds=0)
Getting https://www.lyngsat.com/G-Sat-18.html ... (71 of 71)
[WARN] Exception occured HTTPError('522 Server Error: <none> for url: https://www.lyngsat.com/G-Sat-18.html'), will retry https://www.lyngsat.com/G-Sat-18.html later...
Getting https://www.lyngsat.com/NSS-9.html ... (72 of 71)
[ERR] Exception occured HTTPError('525 Server Error: <none> for url: https://www.lyngsat.com/NSS-9.html'), skipping https://www.lyngsat.com/NSS-9.html ...
Getting https://www.lyngsat.com/Intelsat-18.html ... (73 of 71)
Satellites(name=Intelsat 18, position=1800, bands=C Ku, transponders=11, feeds=2)
Satellite(name=180.0E Ku-band Intelsat 18, position=1800, transponders=7, feeds=0, duplicates=0)
Satellite(name=180.0E C-band Intelsat 18, position=1801, transponders=4, feeds=0, duplicates=0)
Getting https://www.lyngsat.com/Horizons-3e.html ... (74 of 71)
[ERR] Exception occured HTTPError('522 Server Error: <none> for url: https://www.lyngsat.com/Horizons-3e.html'), skipping https://www.lyngsat.com/Horizons-3e.html ...
Getting https://www.lyngsat.com/ChinaSat-3B.html ... (75 of 71)
[ERR] Exception occured HTTPError('525 Server Error: <none> for url: https://www.lyngsat.com/ChinaSat-3B.html'), skipping https://www.lyngsat.com/ChinaSat-3B.html ...
Getting https://www.lyngsat.com/Intelsat-19.html ... (76 of 71)
[ERR] Exception occured HTTPError('522 Server Error: <none> for url: https://www.lyngsat.com/Intelsat-19.html'), skipping https://www.lyngsat.com/Intelsat-19.html ...
Getting https://www.lyngsat.com/ChinaSat-19.html ... (77 of 71)
Satellites(name=ChinaSat 19, position=1630, bands=, transponders=0, feeds=0)
Getting https://www.lyngsat.com/Superbird-B3.html ... (78 of 71)
[ERR] Exception occured HTTPError('522 Server Error: <none> for url: https://www.lyngsat.com/Superbird-B3.html'), skipping https://www.lyngsat.com/Superbird-B3.html ...
Getting https://www.lyngsat.com/ABS-6.html ... (79 of 71)
[ERR] Exception occured HTTPError('522 Server Error: <none> for url: https://www.lyngsat.com/ABS-6.html'), skipping https://www.lyngsat.com/ABS-6.html ...
Getting https://www.lyngsat.com/Optus-D3-10.html ... (80 of 71)
[ERR] Exception occured HTTPError('522 Server Error: <none> for url: https://www.lyngsat.com/Optus-D3-10.html'), skipping https://www.lyngsat.com/Optus-D3-10.html ...
Getting https://www.lyngsat.com/Optus-D1.html ... (81 of 71)
[ERR] Exception occured HTTPError('522 Server Error: <none> for url: https://www.lyngsat.com/Optus-D1.html'), skipping https://www.lyngsat.com/Optus-D1.html ...
Getting https://www.lyngsat.com/BRIsat.html ... (82 of 71)
[ERR] Exception occured HTTPError('525 Server Error: <none> for url: https://www.lyngsat.com/BRIsat.html'), skipping https://www.lyngsat.com/BRIsat.html ...
Getting https://www.lyngsat.com/Express-AMU7.html ... (83 of 71)
Satellites(name=Express AMU7, position=1450, bands=C, transponders=12, feeds=0)
Satellite(name=145.0E C-band Express AMU7, position=1451, transponders=12, feeds=0, duplicates=0)
Getting https://www.lyngsat.com/JCSAT-144C.html ... (84 of 71)
Satellites(name=JCSAT 144C, position=1440, bands=Ku, transponders=5, feeds=0)
Satellite(name=144.0E JCSAT 144C, position=1440, transponders=5, feeds=0, duplicates=0)
Getting https://www.lyngsat.com/Apstar-9.html ... (85 of 71)
[ERR] Exception occured HTTPError('522 Server Error: <none> for url: https://www.lyngsat.com/Apstar-9.html'), skipping https://www.lyngsat.com/Apstar-9.html ...
Getting https://www.lyngsat.com/Apstar-6E.html ... (86 of 71)
[ERR] Exception occured HTTPError('522 Server Error: <none> for url: https://www.lyngsat.com/Apstar-6E.html'), skipping https://www.lyngsat.com/Apstar-6E.html ...
Getting https://www.lyngsat.com/Vinasat-1-2.html ... (87 of 71)
[ERR] Exception occured HTTPError('522 Server Error: <none> for url: https://www.lyngsat.com/Vinasat-1-2.html'), skipping https://www.lyngsat.com/Vinasat-1-2.html ...
Getting https://www.lyngsat.com/JCSAT-3A.html ... (88 of 71)
[ERR] Exception occured HTTPError('522 Server Error: <none> for url: https://www.lyngsat.com/JCSAT-3A.html'), skipping https://www.lyngsat.com/JCSAT-3A.html ...
Getting https://www.lyngsat.com/Cosmos-2526.html ... (89 of 71)
Satellites(name=Cosmos 2526, position=1280, bands=, transponders=0, feeds=0)
Getting https://www.lyngsat.com/ChinaSat-6D.html ... (90 of 71)
Satellites(name=ChinaSat 6D, position=1250, bands=C, transponders=41, feeds=0)
Satellite(name=125.0E C-band ChinaSat 6D, position=1251, transponders=41, feeds=0, duplicates=0)
Getting https://www.lyngsat.com/AsiaSat-9.html ... (91 of 71)
Satellites(name=AsiaSat 9, position=1220, bands=C Ku, transponders=13, feeds=23)
Satellite(name=122.0E Ku-band AsiaSat 9, position=1220, transponders=3, feeds=0, duplicates=0)
Satellite(name=122.0E C-band AsiaSat 9, position=1221, transponders=10, feeds=0, duplicates=0)
Getting https://www.lyngsat.com/Thaicom-4-and-Bangladesh-1.html ... (92 of 71)
[ERR] Exception occured HTTPError('522 Server Error: <none> for url: https://www.lyngsat.com/Thaicom-4-and-Bangladesh-1.html'), skipping https://www.lyngsat.com/Thaicom-4-and-Bangladesh-1.html ...
Getting https://www.lyngsat.com/Koreasat-5A.html ... (93 of 71)
Satellites(name=Koreasat 5A, position=1130, bands=Ku, transponders=8, feeds=4)
Satellite(name=113.0E Koreasat 5A, position=1130, transponders=8, feeds=0, duplicates=0)
Getting https://www.lyngsat.com/Merah-Putih-2.html ... (94 of 71)
[ERR] Exception occured HTTPError('522 Server Error: <none> for url: https://www.lyngsat.com/Merah-Putih-2.html'), skipping https://www.lyngsat.com/Merah-Putih-2.html ...
Getting https://www.lyngsat.com/ChinaSat-10R.html ... (95 of 71)
[ERR] Exception occured HTTPError('522 Server Error: <none> for url: https://www.lyngsat.com/ChinaSat-10R.html'), skipping https://www.lyngsat.com/ChinaSat-10R.html ...
Getting https://www.lyngsat.com/BSAT-3C-JCSAT-110R-and-JCSAT-110A-and-BSAT-4A.html ... (96 of 71)
[ERR] Exception occured HTTPError('522 Server Error: <none> for url: https://www.lyngsat.com/BSAT-3C-JCSAT-110R-and-JCSAT-110A-and-BSAT-4A.html'), skipping https://www.lyngsat.com/BSAT-3C-JCSAT-110R-and-JCSAT-110A-and-BSAT-4A.html ...
Getting https://www.lyngsat.com/SES-7-9-and-Merah-Putih.html ... (97 of 71)
[ERR] Exception occured HTTPError('522 Server Error: <none> for url: https://www.lyngsat.com/SES-7-9-and-Merah-Putih.html'), skipping https://www.lyngsat.com/SES-7-9-and-Merah-Putih.html ...
Getting https://www.lyngsat.com/AsiaSat-8.html ... (98 of 71)
[ERR] Exception occured HTTPError('522 Server Error: <none> for url: https://www.lyngsat.com/AsiaSat-8.html'), skipping https://www.lyngsat.com/AsiaSat-8.html ...
Getting https://www.lyngsat.com/ChinaSat-3A.html ... (99 of 71)
[ERR] Exception occured HTTPError('404 Client Error: Not Found for url: https://www.lyngsat.com/ChinaSat-3A.html'), skipping https://www.lyngsat.com/ChinaSat-3A.html ...
Getting https://www.lyngsat.com/AsiaSat-5.html ... (100 of 71)
[ERR] Exception occured HTTPError('525 Server Error: <none> for url: https://www.lyngsat.com/AsiaSat-5.html'), skipping https://www.lyngsat.com/AsiaSat-5.html ...
Getting https://www.lyngsat.com/ChinaSat-11.html ... (101 of 71)
[ERR] Exception occured HTTPError('522 Server Error: <none> for url: https://www.lyngsat.com/ChinaSat-11.html'), skipping https://www.lyngsat.com/ChinaSat-11.html ...
Getting https://www.lyngsat.com/G-Sat-9.html ... (102 of 71)
[ERR] Exception occured HTTPError('522 Server Error: <none> for url: https://www.lyngsat.com/G-Sat-9.html'), skipping https://www.lyngsat.com/G-Sat-9.html ...
Getting https://www.lyngsat.com/SES-8.html ... (103 of 71)
Satellites(name=SES 8, position=950, bands=Ku, transponders=9, feeds=0)
Satellite(name=95.0E SES 8, position=950, transponders=9, feeds=0, duplicates=0)
Getting https://www.lyngsat.com/ChinaSat-9C.html ... (104 of 71)
[ERR] Exception occured HTTPError('525 Server Error: <none> for url: https://www.lyngsat.com/ChinaSat-9C.html'), skipping https://www.lyngsat.com/ChinaSat-9C.html ...
Getting https://www.lyngsat.com/Yamal-401.html ... (105 of 71)
Satellites(name=Yamal 401, position=900, bands=C Ku, transponders=34, feeds=5)
Satellite(name=90.0E Ku-band Yamal 401, position=900, transponders=12, feeds=0, duplicates=0)
Satellite(name=90.0E C-band Yamal 401, position=901, transponders=22, feeds=0, duplicates=0)
Getting https://www.lyngsat.com/KazSat-2.html ... (106 of 71)
[ERR] Exception occured HTTPError('525 Server Error: <none> for url: https://www.lyngsat.com/KazSat-2.html'), skipping https://www.lyngsat.com/KazSat-2.html ...
Getting https://www.lyngsat.com/Express-80.html ... (107 of 71)
Satellites(name=Express 80, position=800, bands=Ku, transponders=14, feeds=2)
Satellite(name=80.0E Express 80, position=800, transponders=14, feeds=0, duplicates=0)
Getting https://www.lyngsat.com/Thaicom-6-8.html ... (108 of 71)
[ERR] Exception occured HTTPError('525 Server Error: <none> for url: https://www.lyngsat.com/Thaicom-6-8.html'), skipping https://www.lyngsat.com/Thaicom-6-8.html ...
Getting https://www.lyngsat.com/Apstar-7.html ... (109 of 71)
[ERR] Exception occured HTTPError('522 Server Error: <none> for url: https://www.lyngsat.com/Apstar-7.html'), skipping https://www.lyngsat.com/Apstar-7.html ...
Getting https://www.lyngsat.com/ABS-2-2A.html ... (110 of 71)
Satellites(name=ABS 2/2A, position=750, bands=C Ku, transponders=21, feeds=4)
Satellite(name=75.0E Ku-band ABS 2/2A, position=750, transponders=16, feeds=0, duplicates=0)
Satellite(name=75.0E C-band ABS 2/2A, position=751, transponders=5, feeds=0, duplicates=0)
Getting https://www.lyngsat.com/G-Sat-18.html ... (111 of 71)
[ERR] Exception occured HTTPError('522 Server Error: <none> for url: https://www.lyngsat.com/G-Sat-18.html'), skipping https://www.lyngsat.com/G-Sat-18.html ...
Lyngsat(regions=asia-europe-atlantic-america, urls=71, satellites=45)
